2023-09-14 16:30:40.844	[31mFATAL[0m	srv/rpc.go:29	An internal server error occurred
mxshop/app/goods/srv.NewGoodsRPCServer
	D:/go_projects/mxshop/app/goods/srv/rpc.go:29
mxshop/app/goods/srv.NewGoodsApp
	D:/go_projects/mxshop/app/goods/srv/app.go:47
mxshop/app/goods/srv.run.func1
	D:/go_projects/mxshop/app/goods/srv/app.go:61
mxshop/pkg/app.(*App).runCommand
	D:/go_projects/mxshop/pkg/app/app.go:276
github.com/spf13/cobra.(*Command).execute
	C:/Users/wh/go/pkg/mod/github.com/spf13/cobra@v1.5.0/command.go:872
github.com/spf13/cobra.(*Command).ExecuteC
	C:/Users/wh/go/pkg/mod/github.com/spf13/cobra@v1.5.0/command.go:990
github.com/spf13/cobra.(*Command).Execute
	C:/Users/wh/go/pkg/mod/github.com/spf13/cobra@v1.5.0/command.go:918
mxshop/pkg/app.(*App).Run
	D:/go_projects/mxshop/pkg/app/app.go:231
main.main
	D:/go_projects/mxshop/cmd/goods/goods.go:16
runtime.main
	C:/Program Files/Go/src/runtime/proc.go:250
2023-09-14 16:33:20.333	[31mFATAL[0m	srv/rpc.go:29	An internal server error occurred
mxshop/app/goods/srv.NewGoodsRPCServer
	D:/go_projects/mxshop/app/goods/srv/rpc.go:29
mxshop/app/goods/srv.NewGoodsApp
	D:/go_projects/mxshop/app/goods/srv/app.go:47
mxshop/app/goods/srv.run.func1
	D:/go_projects/mxshop/app/goods/srv/app.go:61
mxshop/pkg/app.(*App).runCommand
	D:/go_projects/mxshop/pkg/app/app.go:276
github.com/spf13/cobra.(*Command).execute
	C:/Users/wh/go/pkg/mod/github.com/spf13/cobra@v1.5.0/command.go:872
github.com/spf13/cobra.(*Command).ExecuteC
	C:/Users/wh/go/pkg/mod/github.com/spf13/cobra@v1.5.0/command.go:990
github.com/spf13/cobra.(*Command).Execute
	C:/Users/wh/go/pkg/mod/github.com/spf13/cobra@v1.5.0/command.go:918
mxshop/pkg/app.(*App).Run
	D:/go_projects/mxshop/pkg/app/app.go:231
main.main
	D:/go_projects/mxshop/cmd/goods/goods.go:16
runtime.main
	C:/Program Files/Go/src/runtime/proc.go:250
2023-09-14 16:39:40.197	[31mFATAL[0m	srv/rpc.go:29	An internal server error occurred
mxshop/app/goods/srv.NewGoodsRPCServer
	D:/go_projects/mxshop/app/goods/srv/rpc.go:29
mxshop/app/goods/srv.NewGoodsApp
	D:/go_projects/mxshop/app/goods/srv/app.go:47
mxshop/app/goods/srv.run.func1
	D:/go_projects/mxshop/app/goods/srv/app.go:61
mxshop/pkg/app.(*App).runCommand
	D:/go_projects/mxshop/pkg/app/app.go:276
github.com/spf13/cobra.(*Command).execute
	C:/Users/wh/go/pkg/mod/github.com/spf13/cobra@v1.5.0/command.go:872
github.com/spf13/cobra.(*Command).ExecuteC
	C:/Users/wh/go/pkg/mod/github.com/spf13/cobra@v1.5.0/command.go:990
github.com/spf13/cobra.(*Command).Execute
	C:/Users/wh/go/pkg/mod/github.com/spf13/cobra@v1.5.0/command.go:918
mxshop/pkg/app.(*App).Run
	D:/go_projects/mxshop/pkg/app/app.go:231
main.main
	D:/go_projects/mxshop/cmd/goods/goods.go:16
runtime.main
	C:/Program Files/Go/src/runtime/proc.go:250
